<?xml version="1.0" encoding="UTF-8"?>
<Site BuildName="(empty)"
	BuildStamp="20240809-0423-Experimental"
	Name="nrs-vision"
	Generator="ctest-3.16.3"
	CompilerName="/usr/bin/c++"
	CompilerVersion="9.4.0"
	OSName="Linux"
	Hostname="nrs-vision"
	OSRelease="5.15.0-117-generic"
	OSVersion="#127~20.04.1-Ubuntu SMP Thu Jul 11 15:36:12 UTC 2024"
	OSPlatform="x86_64"
	Is64Bits="1"
	VendorString="GenuineIntel"
	VendorID="Intel Corporation"
	FamilyID="6"
	ModelID="142"
	ProcessorCacheSize="8192"
	NumberOfLogicalCPU="8"
	NumberOfPhysicalCPU="4"
	TotalVirtualMemory="2047"
	TotalPhysicalMemory="7805"
	LogicalProcessorsPerPhysical="2"
	ProcessorClockFrequency="3942.95"
	>
	<Testing>
		<StartDateTime>Aug 09 17:47 KST</StartDateTime>
		<StartTestTime>1723193243</StartTestTime>
		<TestList/>
		<EndDateTime>Aug 09 17:47 KST</EndDateTime>
		<EndTestTime>1723193243</EndTestTime>
		<ElapsedMinutes>0</ElapsedMinutes>
	</Testing>
</Site>
