<?xml version="1.0" encoding="UTF-8"?>
<Site BuildName="(empty)"
	BuildStamp="20240912-0608-Experimental"
	Name="nrs-vision"
	Generator="ctest-3.16.3"
	CompilerName="/usr/bin/c++"
	CompilerVersion="9.4.0"
	OSName="Linux"
	Hostname="nrs-vision"
	OSRelease="5.15.0-119-generic"
	OSVersion="#129~20.04.1-Ubuntu SMP Wed Aug 7 13:07:13 UTC 2024"
	OSPlatform="x86_64"
	Is64Bits="1"
	VendorString="GenuineIntel"
	VendorID="Intel Corporation"
	FamilyID="6"
	ModelID="142"
	ProcessorCacheSize="8192"
	NumberOfLogicalCPU="8"
	NumberOfPhysicalCPU="4"
	TotalVirtualMemory="2047"
	TotalPhysicalMemory="7805"
	LogicalProcessorsPerPhysical="2"
	ProcessorClockFrequency="1368.1"
	>
	<Testing>
		<StartDateTime>Sep 12 15:08 KST</StartDateTime>
		<StartTestTime>1726121282</StartTestTime>
		<TestList/>
		<EndDateTime>Sep 12 15:08 KST</EndDateTime>
		<EndTestTime>1726121282</EndTestTime>
		<ElapsedMinutes>0</ElapsedMinutes>
	</Testing>
</Site>
