<?xml version="1.0" encoding="UTF-8"?>
<Site BuildName="(empty)"
	BuildStamp="20241028-0735-Experimental"
	Name="nrs-vision"
	Generator="ctest-3.16.3"
	CompilerName="/usr/bin/c++"
	CompilerVersion="9.4.0"
	OSName="Linux"
	Hostname="nrs-vision"
	OSRelease="5.15.0-124-generic"
	OSVersion="#134~20.04.1-Ubuntu SMP Tue Oct 1 15:27:33 UTC 2024"
	OSPlatform="x86_64"
	Is64Bits="1"
	VendorString="GenuineIntel"
	VendorID="Intel Corporation"
	FamilyID="6"
	ModelID="142"
	ProcessorCacheSize="8192"
	NumberOfLogicalCPU="8"
	NumberOfPhysicalCPU="4"
	TotalVirtualMemory="2047"
	TotalPhysicalMemory="7805"
	LogicalProcessorsPerPhysical="2"
	ProcessorClockFrequency="3891.92"
	>
	<Testing>
		<StartDateTime>Oct 28 16:35 KST</StartDateTime>
		<StartTestTime>1730100915</StartTestTime>
		<TestList/>
		<EndDateTime>Oct 28 16:35 KST</EndDateTime>
		<EndTestTime>1730100915</EndTestTime>
		<ElapsedMinutes>0</ElapsedMinutes>
	</Testing>
</Site>
